{"C:\\Users\\Cristoforus_D909\\workspace\\web-apps\\ds.e\\packages\\foundation\\src\\FontSize.ts": {"path":"C:\\Users\\Cristoforus_D909\\workspace\\web-apps\\ds.e\\packages\\foundation\\src\\FontSize.ts","statementMap":{"0":{"start":{"line":1,"column":18},"end":{"line":7,"column":1}}},"fnMap":{},"branchMap":{},"s":{"0":1},"f":{},"b":{},"_coverageSchema":"1a1c01bbd47fc00a2c39e90264f33305004495a9","hash":"ce96c92b731a961b7a20d7acccb1b419b304cee9"}
,"C:\\Users\\Cristoforus_D909\\workspace\\web-apps\\ds.e\\packages\\foundation\\src\\Spacing.ts": {"path":"C:\\Users\\Cristoforus_D909\\workspace\\web-apps\\ds.e\\packages\\foundation\\src\\Spacing.ts","statementMap":{"0":{"start":{"line":1,"column":15},"end":{"line":37,"column":1}}},"fnMap":{},"branchMap":{},"s":{"0":1},"f":{},"b":{},"_coverageSchema":"1a1c01bbd47fc00a2c39e90264f33305004495a9","hash":"84daaa9cc9e4fb7616821f78af67d762846b63ca"}
}
