<?xml version="1.0" encoding="UTF-8"?>
<coverage generated="1640749792699" clover="3.2.0">
  <project timestamp="1640749792699" name="All files">
    <metrics statements="68" coveredstatements="43" conditionals="56" coveredconditionals="26" methods="19" coveredmethods="12" elements="143" coveredelements="81" complexity="0" loc="68" ncloc="68" packages="2" files="3" classes="3"/>
    <package name="atoms.Text">
      <metrics statements="3" coveredstatements="3" conditionals="1" coveredconditionals="1" methods="1" coveredmethods="1"/>
      <file name="Text.tsx" path="C:\Users\Cristoforus_D909\workspace\web-apps\ds.e\packages\react\src\atoms\Text\Text.tsx">
        <metrics statements="3" coveredstatements="3" conditionals="1" coveredconditionals="1" methods="1" coveredmethods="1"/>
        <line num="10" count="1" type="cond" truecount="1" falsecount="0"/>
        <line num="11" count="40" type="stmt"/>
        <line num="13" count="40" type="stmt"/>
      </file>
      <file name="index.ts" path="C:\Users\Cristoforus_D909\workspace\web-apps\ds.e\packages\react\src\atoms\Text\index.ts">
        <metrics statements="0" coveredstatements="0" conditionals="0" coveredconditionals="0" methods="0" coveredmethods="0"/>
      </file>
    </package>
    <package name="molecules.Select">
      <metrics statements="65" coveredstatements="40" conditionals="55" coveredconditionals="25" methods="18" coveredmethods="11"/>
      <file name="Select.tsx" path="C:\Users\Cristoforus_D909\workspace\web-apps\ds.e\packages\react\src\molecules\Select\Select.tsx">
        <metrics statements="65" coveredstatements="40" conditionals="55" coveredconditionals="25" methods="18" coveredmethods="11"/>
        <line num="5" count="1" type="stmt"/>
        <line num="31" count="1" type="stmt"/>
        <line num="32" count="0" type="cond" truecount="0" falsecount="2"/>
        <line num="33" count="0" type="cond" truecount="0" falsecount="2"/>
        <line num="34" count="0" type="stmt"/>
        <line num="37" count="1" type="stmt"/>
        <line num="38" count="0" type="cond" truecount="0" falsecount="2"/>
        <line num="39" count="0" type="cond" truecount="0" falsecount="2"/>
        <line num="40" count="0" type="stmt"/>
        <line num="43" count="1" type="cond" truecount="1" falsecount="1"/>
        <line num="45" count="33" type="stmt"/>
        <line num="46" count="33" type="stmt"/>
        <line num="47" count="33" type="stmt"/>
        <line num="48" count="33" type="stmt"/>
        <line num="49" count="33" type="stmt"/>
        <line num="50" count="33" type="stmt"/>
        <line num="52" count="33" type="stmt"/>
        <line num="53" count="3" type="cond" truecount="2" falsecount="0"/>
        <line num="54" count="1" type="stmt"/>
        <line num="57" count="3" type="stmt"/>
        <line num="58" count="3" type="stmt"/>
        <line num="61" count="33" type="stmt"/>
        <line num="62" count="6" type="stmt"/>
        <line num="65" count="33" type="stmt"/>
        <line num="66" count="16" type="stmt"/>
        <line num="71" count="33" type="stmt"/>
        <line num="73" count="33" type="cond" truecount="2" falsecount="0"/>
        <line num="74" count="3" type="stmt"/>
        <line num="77" count="33" type="stmt"/>
        <line num="78" count="0" type="stmt"/>
        <line num="81" count="33" type="stmt"/>
        <line num="82" count="0" type="stmt"/>
        <line num="84" count="0" type="cond" truecount="0" falsecount="2"/>
        <line num="85" count="0" type="stmt"/>
        <line num="87" count="0" type="stmt"/>
        <line num="91" count="33" type="stmt"/>
        <line num="92" count="0" type="cond" truecount="0" falsecount="2"/>
        <line num="93" count="0" type="stmt"/>
        <line num="94" count="0" type="stmt"/>
        <line num="96" count="0" type="cond" truecount="0" falsecount="2"/>
        <line num="97" count="0" type="stmt"/>
        <line num="99" count="0" type="cond" truecount="0" falsecount="2"/>
        <line num="100" count="0" type="stmt"/>
        <line num="102" count="0" type="cond" truecount="0" falsecount="2"/>
        <line num="103" count="0" type="stmt"/>
        <line num="107" count="33" type="stmt"/>
        <line num="108" count="24" type="stmt"/>
        <line num="111" count="33" type="stmt"/>
        <line num="112" count="17" type="cond" truecount="2" falsecount="2"/>
        <line num="113" count="0" type="stmt"/>
        <line num="115" count="0" type="cond" truecount="0" falsecount="4"/>
        <line num="116" count="0" type="stmt"/>
        <line num="121" count="33" type="stmt"/>
        <line num="122" count="6" type="cond" truecount="2" falsecount="0"/>
        <line num="133" count="18" type="stmt"/>
        <line num="134" count="18" type="stmt"/>
        <line num="136" count="18" type="stmt"/>
        <line num="138" count="18" type="stmt"/>
        <line num="141" count="18" type="cond" truecount="1" falsecount="0"/>
        <line num="148" count="0" type="stmt"/>
        <line num="149" count="0" type="stmt"/>
        <line num="155" count="3" type="stmt"/>
        <line num="160" count="18" type="cond" truecount="2" falsecount="0"/>
        <line num="161" count="3" type="stmt"/>
        <line num="164" count="15" type="stmt"/>
      </file>
    </package>
  </project>
</coverage>
