{"C:\\Users\\Cristoforus_D909\\workspace\\web-apps\\ds.e\\packages\\react\\src\\atoms\\Text\\Text.tsx": {"path":"C:\\Users\\Cristoforus_D909\\workspace\\web-apps\\ds.e\\packages\\react\\src\\atoms\\Text\\Text.tsx","statementMap":{"0":{"start":{"line":10,"column":34},"end":{"line":14,"column":1}},"1":{"start":{"line":11,"column":22},"end":{"line":11,"column":49}},"2":{"start":{"line":13,"column":4},"end":{"line":13,"column":50}}},"fnMap":{"0":{"name":"(anonymous_0)","decl":{"start":{"line":10,"column":34},"end":{"line":10,"column":35}},"loc":{"start":{"line":10,"column":74},"end":{"line":14,"column":1}},"line":10}},"branchMap":{"0":{"loc":{"start":{"line":10,"column":37},"end":{"line":10,"column":57}},"type":"default-arg","locations":[{"start":{"line":10,"column":44},"end":{"line":10,"column":57}}],"line":10}},"s":{"0":1,"1":40,"2":40},"f":{"0":40},"b":{"0":[40]},"_coverageSchema":"1a1c01bbd47fc00a2c39e90264f33305004495a9","hash":"afd7ccc7a4fef653d16e73dea33ec7fd45cd43e3"}
,"C:\\Users\\Cristoforus_D909\\workspace\\web-apps\\ds.e\\packages\\react\\src\\atoms\\Text\\index.ts": {"path":"C:\\Users\\Cristoforus_D909\\workspace\\web-apps\\ds.e\\packages\\react\\src\\atoms\\Text\\index.ts","statementMap":{},"fnMap":{},"branchMap":{},"s":{},"f":{},"b":{},"_coverageSchema":"1a1c01bbd47fc00a2c39e90264f33305004495a9","hash":"b9efed9a9028670425b812fe63215d4510b4624d"}
,"C:\\Users\\Cristoforus_D909\\workspace\\web-apps\\ds.e\\packages\\react\\src\\molecules\\Select\\Select.tsx": {"path":"C:\\Users\\Cristoforus_D909\\workspace\\web-apps\\ds.e\\packages\\react\\src\\molecules\\Select\\Select.tsx","statementMap":{"0":{"start":{"line":5,"column":18},"end":{"line":11,"column":1}},"1":{"start":{"line":31,"column":31},"end":{"line":35,"column":1}},"2":{"start":{"line":32,"column":4},"end":{"line":32,"column":39}},"3":{"start":{"line":32,"column":31},"end":{"line":32,"column":39}},"4":{"start":{"line":33,"column":4},"end":{"line":33,"column":53}},"5":{"start":{"line":33,"column":28},"end":{"line":33,"column":53}},"6":{"start":{"line":34,"column":4},"end":{"line":34,"column":27}},"7":{"start":{"line":37,"column":27},"end":{"line":41,"column":1}},"8":{"start":{"line":38,"column":4},"end":{"line":38,"column":39}},"9":{"start":{"line":38,"column":31},"end":{"line":38,"column":39}},"10":{"start":{"line":39,"column":4},"end":{"line":39,"column":53}},"11":{"start":{"line":39,"column":45},"end":{"line":39,"column":53}},"12":{"start":{"line":40,"column":4},"end":{"line":40,"column":27}},"13":{"start":{"line":43,"column":38},"end":{"line":179,"column":1}},"14":{"start":{"line":45,"column":32},"end":{"line":45,"column":56}},"15":{"start":{"line":46,"column":46},"end":{"line":46,"column":73}},"16":{"start":{"line":47,"column":52},"end":{"line":47,"column":79}},"17":{"start":{"line":48,"column":21},"end":{"line":48,"column":52}},"18":{"start":{"line":49,"column":40},"end":{"line":49,"column":86}},"19":{"start":{"line":50,"column":40},"end":{"line":50,"column":59}},"20":{"start":{"line":52,"column":29},"end":{"line":59,"column":5}},"21":{"start":{"line":53,"column":8},"end":{"line":55,"column":9}},"22":{"start":{"line":54,"column":12},"end":{"line":54,"column":40}},"23":{"start":{"line":57,"column":8},"end":{"line":57,"column":39}},"24":{"start":{"line":58,"column":8},"end":{"line":58,"column":26}},"25":{"start":{"line":61,"column":25},"end":{"line":63,"column":5}},"26":{"start":{"line":62,"column":8},"end":{"line":62,"column":26}},"27":{"start":{"line":65,"column":4},"end":{"line":69,"column":40}},"28":{"start":{"line":66,"column":8},"end":{"line":68,"column":15}},"29":{"start":{"line":71,"column":25},"end":{"line":71,"column":29}},"30":{"start":{"line":73,"column":4},"end":{"line":75,"column":5}},"31":{"start":{"line":74,"column":8},"end":{"line":74,"column":48}},"32":{"start":{"line":77,"column":26},"end":{"line":79,"column":5}},"33":{"start":{"line":78,"column":8},"end":{"line":78,"column":40}},"34":{"start":{"line":81,"column":50},"end":{"line":89,"column":5}},"35":{"start":{"line":82,"column":8},"end":{"line":82,"column":31}},"36":{"start":{"line":84,"column":8},"end":{"line":88,"column":9}},"37":{"start":{"line":85,"column":12},"end":{"line":85,"column":27}},"38":{"start":{"line":87,"column":12},"end":{"line":87,"column":28}},"39":{"start":{"line":91,"column":50},"end":{"line":105,"column":5}},"40":{"start":{"line":92,"column":8},"end":{"line":95,"column":9}},"41":{"start":{"line":93,"column":12},"end":{"line":93,"column":28}},"42":{"start":{"line":94,"column":12},"end":{"line":94,"column":18}},"43":{"start":{"line":96,"column":8},"end":{"line":98,"column":9}},"44":{"start":{"line":97,"column":12},"end":{"line":97,"column":72}},"45":{"start":{"line":99,"column":8},"end":{"line":101,"column":9}},"46":{"start":{"line":100,"column":12},"end":{"line":100,"column":76}},"47":{"start":{"line":102,"column":8},"end":{"line":104,"column":9}},"48":{"start":{"line":103,"column":12},"end":{"line":103,"column":75}},"49":{"start":{"line":107,"column":4},"end":{"line":109,"column":24}},"50":{"start":{"line":108,"column":8},"end":{"line":108,"column":67}},"51":{"start":{"line":108,"column":39},"end":{"line":108,"column":65}},"52":{"start":{"line":111,"column":4},"end":{"line":119,"column":34}},"53":{"start":{"line":112,"column":8},"end":{"line":118,"column":9}},"54":{"start":{"line":113,"column":24},"end":{"line":113,"column":52}},"55":{"start":{"line":115,"column":12},"end":{"line":117,"column":13}},"56":{"start":{"line":116,"column":16},"end":{"line":116,"column":35}},"57":{"start":{"line":121,"column":4},"end":{"line":178,"column":10}},"58":{"start":{"line":122,"column":230},"end":{"line":122,"column":244}},"59":{"start":{"line":133,"column":35},"end":{"line":133,"column":64}},"60":{"start":{"line":134,"column":38},"end":{"line":134,"column":70}},"61":{"start":{"line":136,"column":28},"end":{"line":136,"column":51}},"62":{"start":{"line":138,"column":42},"end":{"line":158,"column":17}},"63":{"start":{"line":141,"column":72},"end":{"line":157,"column":21}},"64":{"start":{"line":148,"column":44},"end":{"line":148,"column":70}},"65":{"start":{"line":149,"column":44},"end":{"line":149,"column":63}},"66":{"start":{"line":155,"column":39},"end":{"line":155,"column":76}},"67":{"start":{"line":160,"column":16},"end":{"line":162,"column":17}},"68":{"start":{"line":161,"column":20},"end":{"line":161,"column":58}},"69":{"start":{"line":164,"column":16},"end":{"line":174,"column":21}}},"fnMap":{"0":{"name":"(anonymous_0)","decl":{"start":{"line":31,"column":31},"end":{"line":31,"column":32}},"loc":{"start":{"line":31,"column":92},"end":{"line":35,"column":1}},"line":31},"1":{"name":"(anonymous_1)","decl":{"start":{"line":37,"column":27},"end":{"line":37,"column":28}},"loc":{"start":{"line":37,"column":88},"end":{"line":41,"column":1}},"line":37},"2":{"name":"(anonymous_2)","decl":{"start":{"line":43,"column":38},"end":{"line":43,"column":39}},"loc":{"start":{"line":43,"column":140},"end":{"line":179,"column":1}},"line":43},"3":{"name":"(anonymous_3)","decl":{"start":{"line":52,"column":29},"end":{"line":52,"column":30}},"loc":{"start":{"line":52,"column":77},"end":{"line":59,"column":5}},"line":52},"4":{"name":"(anonymous_4)","decl":{"start":{"line":61,"column":25},"end":{"line":61,"column":26}},"loc":{"start":{"line":61,"column":31},"end":{"line":63,"column":5}},"line":61},"5":{"name":"(anonymous_5)","decl":{"start":{"line":65,"column":14},"end":{"line":65,"column":15}},"loc":{"start":{"line":65,"column":20},"end":{"line":69,"column":5}},"line":65},"6":{"name":"(anonymous_6)","decl":{"start":{"line":77,"column":26},"end":{"line":77,"column":27}},"loc":{"start":{"line":77,"column":56},"end":{"line":79,"column":5}},"line":77},"7":{"name":"(anonymous_7)","decl":{"start":{"line":81,"column":50},"end":{"line":81,"column":51}},"loc":{"start":{"line":81,"column":61},"end":{"line":89,"column":5}},"line":81},"8":{"name":"(anonymous_8)","decl":{"start":{"line":91,"column":50},"end":{"line":91,"column":51}},"loc":{"start":{"line":91,"column":61},"end":{"line":105,"column":5}},"line":91},"9":{"name":"(anonymous_9)","decl":{"start":{"line":107,"column":14},"end":{"line":107,"column":15}},"loc":{"start":{"line":107,"column":20},"end":{"line":109,"column":5}},"line":107},"10":{"name":"(anonymous_10)","decl":{"start":{"line":108,"column":34},"end":{"line":108,"column":35}},"loc":{"start":{"line":108,"column":39},"end":{"line":108,"column":65}},"line":108},"11":{"name":"(anonymous_11)","decl":{"start":{"line":111,"column":14},"end":{"line":111,"column":15}},"loc":{"start":{"line":111,"column":20},"end":{"line":119,"column":5}},"line":111},"12":{"name":"(anonymous_12)","decl":{"start":{"line":122,"column":224},"end":{"line":122,"column":225}},"loc":{"start":{"line":122,"column":230},"end":{"line":122,"column":244}},"line":122},"13":{"name":"(anonymous_13)","decl":{"start":{"line":132,"column":26},"end":{"line":132,"column":27}},"loc":{"start":{"line":132,"column":51},"end":{"line":175,"column":13}},"line":132},"14":{"name":"(anonymous_14)","decl":{"start":{"line":141,"column":47},"end":{"line":141,"column":48}},"loc":{"start":{"line":141,"column":71},"end":{"line":157,"column":22}},"line":141},"15":{"name":"(anonymous_15)","decl":{"start":{"line":148,"column":38},"end":{"line":148,"column":39}},"loc":{"start":{"line":148,"column":44},"end":{"line":148,"column":70}},"line":148},"16":{"name":"(anonymous_16)","decl":{"start":{"line":149,"column":38},"end":{"line":149,"column":39}},"loc":{"start":{"line":149,"column":44},"end":{"line":149,"column":63}},"line":149},"17":{"name":"(anonymous_17)","decl":{"start":{"line":155,"column":33},"end":{"line":155,"column":34}},"loc":{"start":{"line":155,"column":39},"end":{"line":155,"column":76}},"line":155}},"branchMap":{"0":{"loc":{"start":{"line":32,"column":4},"end":{"line":32,"column":39}},"type":"if","locations":[{"start":{"line":32,"column":4},"end":{"line":32,"column":39}},{"start":{},"end":{}}],"line":32},"1":{"loc":{"start":{"line":33,"column":4},"end":{"line":33,"column":53}},"type":"if","locations":[{"start":{"line":33,"column":4},"end":{"line":33,"column":53}},{"start":{},"end":{}}],"line":33},"2":{"loc":{"start":{"line":38,"column":4},"end":{"line":38,"column":39}},"type":"if","locations":[{"start":{"line":38,"column":4},"end":{"line":38,"column":39}},{"start":{},"end":{}}],"line":38},"3":{"loc":{"start":{"line":39,"column":4},"end":{"line":39,"column":53}},"type":"if","locations":[{"start":{"line":39,"column":4},"end":{"line":39,"column":53}},{"start":{},"end":{}}],"line":39},"4":{"loc":{"start":{"line":43,"column":41},"end":{"line":43,"column":53}},"type":"default-arg","locations":[{"start":{"line":43,"column":51},"end":{"line":43,"column":53}}],"line":43},"5":{"loc":{"start":{"line":43,"column":55},"end":{"line":43,"column":92}},"type":"default-arg","locations":[{"start":{"line":43,"column":63},"end":{"line":43,"column":92}}],"line":43},"6":{"loc":{"start":{"line":53,"column":8},"end":{"line":55,"column":9}},"type":"if","locations":[{"start":{"line":53,"column":8},"end":{"line":55,"column":9}},{"start":{},"end":{}}],"line":53},"7":{"loc":{"start":{"line":67,"column":12},"end":{"line":67,"column":47}},"type":"binary-expr","locations":[{"start":{"line":67,"column":12},"end":{"line":67,"column":42}},{"start":{"line":67,"column":46},"end":{"line":67,"column":47}}],"line":67},"8":{"loc":{"start":{"line":73,"column":4},"end":{"line":75,"column":5}},"type":"if","locations":[{"start":{"line":73,"column":4},"end":{"line":75,"column":5}},{"start":{},"end":{}}],"line":73},"9":{"loc":{"start":{"line":84,"column":8},"end":{"line":88,"column":9}},"type":"if","locations":[{"start":{"line":84,"column":8},"end":{"line":88,"column":9}},{"start":{},"end":{}}],"line":84},"10":{"loc":{"start":{"line":92,"column":8},"end":{"line":95,"column":9}},"type":"if","locations":[{"start":{"line":92,"column":8},"end":{"line":95,"column":9}},{"start":{},"end":{}}],"line":92},"11":{"loc":{"start":{"line":96,"column":8},"end":{"line":98,"column":9}},"type":"if","locations":[{"start":{"line":96,"column":8},"end":{"line":98,"column":9}},{"start":{},"end":{}}],"line":96},"12":{"loc":{"start":{"line":99,"column":8},"end":{"line":101,"column":9}},"type":"if","locations":[{"start":{"line":99,"column":8},"end":{"line":101,"column":9}},{"start":{},"end":{}}],"line":99},"13":{"loc":{"start":{"line":102,"column":8},"end":{"line":104,"column":9}},"type":"if","locations":[{"start":{"line":102,"column":8},"end":{"line":104,"column":9}},{"start":{},"end":{}}],"line":102},"14":{"loc":{"start":{"line":112,"column":8},"end":{"line":118,"column":9}},"type":"if","locations":[{"start":{"line":112,"column":8},"end":{"line":118,"column":9}},{"start":{},"end":{}}],"line":112},"15":{"loc":{"start":{"line":112,"column":13},"end":{"line":112,"column":48}},"type":"binary-expr","locations":[{"start":{"line":112,"column":13},"end":{"line":112,"column":38}},{"start":{"line":112,"column":42},"end":{"line":112,"column":48}}],"line":112},"16":{"loc":{"start":{"line":115,"column":12},"end":{"line":117,"column":13}},"type":"if","locations":[{"start":{"line":115,"column":12},"end":{"line":117,"column":13}},{"start":{},"end":{}}],"line":115},"17":{"loc":{"start":{"line":115,"column":17},"end":{"line":115,"column":35}},"type":"binary-expr","locations":[{"start":{"line":115,"column":17},"end":{"line":115,"column":20}},{"start":{"line":115,"column":24},"end":{"line":115,"column":35}}],"line":115},"18":{"loc":{"start":{"line":122,"column":143},"end":{"line":122,"column":167}},"type":"cond-expr","locations":[{"start":{"line":122,"column":152},"end":{"line":122,"column":156}},{"start":{"line":122,"column":158},"end":{"line":122,"column":167}}],"line":122},"19":{"loc":{"start":{"line":124,"column":17},"end":{"line":124,"column":70}},"type":"cond-expr","locations":[{"start":{"line":124,"column":43},"end":{"line":124,"column":48}},{"start":{"line":124,"column":50},"end":{"line":124,"column":70}}],"line":124},"20":{"loc":{"start":{"line":127,"column":49},"end":{"line":127,"column":113}},"type":"cond-expr","locations":[{"start":{"line":127,"column":58},"end":{"line":127,"column":83}},{"start":{"line":127,"column":86},"end":{"line":127,"column":113}}],"line":127},"21":{"loc":{"start":{"line":130,"column":9},"end":{"line":177,"column":16}},"type":"cond-expr","locations":[{"start":{"line":131,"column":12},"end":{"line":176,"column":17}},{"start":{"line":177,"column":12},"end":{"line":177,"column":16}}],"line":130},"22":{"loc":{"start":{"line":141,"column":48},"end":{"line":141,"column":66}},"type":"default-arg","locations":[{"start":{"line":141,"column":64},"end":{"line":141,"column":66}}],"line":141},"23":{"loc":{"start":{"line":145,"column":40},"end":{"line":145,"column":68}},"type":"cond-expr","locations":[{"start":{"line":145,"column":53},"end":{"line":145,"column":57}},{"start":{"line":145,"column":59},"end":{"line":145,"column":68}}],"line":145},"24":{"loc":{"start":{"line":147,"column":34},"end":{"line":147,"column":56}},"type":"cond-expr","locations":[{"start":{"line":147,"column":50},"end":{"line":147,"column":52}},{"start":{"line":147,"column":55},"end":{"line":147,"column":56}}],"line":147},"25":{"loc":{"start":{"line":151,"column":30},"end":{"line":151,"column":77}},"type":"cond-expr","locations":[{"start":{"line":151,"column":43},"end":{"line":151,"column":73}},{"start":{"line":151,"column":75},"end":{"line":151,"column":77}}],"line":151},"26":{"loc":{"start":{"line":152,"column":30},"end":{"line":152,"column":83}},"type":"cond-expr","locations":[{"start":{"line":152,"column":46},"end":{"line":152,"column":79}},{"start":{"line":152,"column":81},"end":{"line":152,"column":83}}],"line":152},"27":{"loc":{"start":{"line":160,"column":16},"end":{"line":162,"column":17}},"type":"if","locations":[{"start":{"line":160,"column":16},"end":{"line":162,"column":17}},{"start":{},"end":{}}],"line":160},"28":{"loc":{"start":{"line":171,"column":26},"end":{"line":173,"column":30}},"type":"cond-expr","locations":[{"start":{"line":172,"column":28},"end":{"line":172,"column":208}},{"start":{"line":173,"column":26},"end":{"line":173,"column":30}}],"line":171}},"s":{"0":1,"1":1,"2":0,"3":0,"4":0,"5":0,"6":0,"7":1,"8":0,"9":0,"10":0,"11":0,"12":0,"13":1,"14":33,"15":33,"16":33,"17":33,"18":33,"19":33,"20":33,"21":3,"22":1,"23":3,"24":3,"25":33,"26":6,"27":33,"28":16,"29":33,"30":33,"31":3,"32":33,"33":0,"34":33,"35":0,"36":0,"37":0,"38":0,"39":33,"40":0,"41":0,"42":0,"43":0,"44":0,"45":0,"46":0,"47":0,"48":0,"49":33,"50":8,"51":24,"52":33,"53":17,"54":0,"55":0,"56":0,"57":33,"58":6,"59":18,"60":18,"61":18,"62":18,"63":18,"64":0,"65":0,"66":3,"67":18,"68":3,"69":15},"f":{"0":0,"1":0,"2":33,"3":3,"4":6,"5":16,"6":0,"7":0,"8":0,"9":8,"10":24,"11":17,"12":6,"13":18,"14":18,"15":0,"16":0,"17":3},"b":{"0":[0,0],"1":[0,0],"2":[0,0],"3":[0,0],"4":[0],"5":[30],"6":[1,2],"7":[16,16],"8":[3,30],"9":[0,0],"10":[0,0],"11":[0,0],"12":[0,0],"13":[0,0],"14":[0,17],"15":[17,0],"16":[0,0],"17":[0,0],"18":[6,27],"19":[30,3],"20":[6,27],"21":[6,27],"22":[18],"23":[0,18],"24":[0,18],"25":[0,18],"26":[0,18],"27":[3,15],"28":[0,15]},"_coverageSchema":"1a1c01bbd47fc00a2c39e90264f33305004495a9","hash":"01277c9b5ef1f014c93a72c3b3ba5bda2d23120b"}
}
