TN:
SF:src\atoms\Text\Text.tsx
FN:10,(anonymous_0)
FNF:1
FNH:1
FNDA:40,(anonymous_0)
DA:10,1
DA:11,40
DA:13,40
LF:3
LH:3
BRDA:10,0,0,40
BRF:1
BRH:1
end_of_record
TN:
SF:src\atoms\Text\index.ts
FNF:0
FNH:0
LF:0
LH:0
BRF:0
BRH:0
end_of_record
TN:
SF:src\molecules\Select\Select.tsx
FN:31,(anonymous_0)
FN:37,(anonymous_1)
FN:43,(anonymous_2)
FN:52,(anonymous_3)
FN:61,(anonymous_4)
FN:65,(anonymous_5)
FN:77,(anonymous_6)
FN:81,(anonymous_7)
FN:91,(anonymous_8)
FN:107,(anonymous_9)
FN:108,(anonymous_10)
FN:111,(anonymous_11)
FN:122,(anonymous_12)
FN:132,(anonymous_13)
FN:141,(anonymous_14)
FN:148,(anonymous_15)
FN:149,(anonymous_16)
FN:155,(anonymous_17)
FNF:18
FNH:11
FNDA:0,(anonymous_0)
FNDA:0,(anonymous_1)
FNDA:33,(anonymous_2)
FNDA:3,(anonymous_3)
FNDA:6,(anonymous_4)
FNDA:16,(anonymous_5)
FNDA:0,(anonymous_6)
FNDA:0,(anonymous_7)
FNDA:0,(anonymous_8)
FNDA:8,(anonymous_9)
FNDA:24,(anonymous_10)
FNDA:17,(anonymous_11)
FNDA:6,(anonymous_12)
FNDA:18,(anonymous_13)
FNDA:18,(anonymous_14)
FNDA:0,(anonymous_15)
FNDA:0,(anonymous_16)
FNDA:3,(anonymous_17)
DA:5,1
DA:31,1
DA:32,0
DA:33,0
DA:34,0
DA:37,1
DA:38,0
DA:39,0
DA:40,0
DA:43,1
DA:45,33
DA:46,33
DA:47,33
DA:48,33
DA:49,33
DA:50,33
DA:52,33
DA:53,3
DA:54,1
DA:57,3
DA:58,3
DA:61,33
DA:62,6
DA:65,33
DA:66,16
DA:71,33
DA:73,33
DA:74,3
DA:77,33
DA:78,0
DA:81,33
DA:82,0
DA:84,0
DA:85,0
DA:87,0
DA:91,33
DA:92,0
DA:93,0
DA:94,0
DA:96,0
DA:97,0
DA:99,0
DA:100,0
DA:102,0
DA:103,0
DA:107,33
DA:108,24
DA:111,33
DA:112,17
DA:113,0
DA:115,0
DA:116,0
DA:121,33
DA:122,6
DA:133,18
DA:134,18
DA:136,18
DA:138,18
DA:141,18
DA:148,0
DA:149,0
DA:155,3
DA:160,18
DA:161,3
DA:164,15
LF:65
LH:40
BRDA:32,0,0,0
BRDA:32,0,1,0
BRDA:33,1,0,0
BRDA:33,1,1,0
BRDA:38,2,0,0
BRDA:38,2,1,0
BRDA:39,3,0,0
BRDA:39,3,1,0
BRDA:43,4,0,0
BRDA:43,5,0,30
BRDA:53,6,0,1
BRDA:53,6,1,2
BRDA:67,7,0,16
BRDA:67,7,1,16
BRDA:73,8,0,3
BRDA:73,8,1,30
BRDA:84,9,0,0
BRDA:84,9,1,0
BRDA:92,10,0,0
BRDA:92,10,1,0
BRDA:96,11,0,0
BRDA:96,11,1,0
BRDA:99,12,0,0
BRDA:99,12,1,0
BRDA:102,13,0,0
BRDA:102,13,1,0
BRDA:112,14,0,0
BRDA:112,14,1,17
BRDA:112,15,0,17
BRDA:112,15,1,0
BRDA:115,16,0,0
BRDA:115,16,1,0
BRDA:115,17,0,0
BRDA:115,17,1,0
BRDA:122,18,0,6
BRDA:122,18,1,27
BRDA:124,19,0,30
BRDA:124,19,1,3
BRDA:127,20,0,6
BRDA:127,20,1,27
BRDA:130,21,0,6
BRDA:130,21,1,27
BRDA:141,22,0,18
BRDA:145,23,0,0
BRDA:145,23,1,18
BRDA:147,24,0,0
BRDA:147,24,1,18
BRDA:151,25,0,0
BRDA:151,25,1,18
BRDA:152,26,0,0
BRDA:152,26,1,18
BRDA:160,27,0,3
BRDA:160,27,1,15
BRDA:171,28,0,0
BRDA:171,28,1,15
BRF:55
BRH:25
end_of_record
